[2025-05-21 17:25:21] ❌ Failed: Patterns/boo_mario.thr (HTML conversion error)
[2025-05-21 17:25:21] ❌ Failed: Patterns/Dune Weaver Text.thr (HTML conversion error)
[2025-05-21 17:25:21] ❌ Failed: Patterns/ice_maiden2.thr (HTML conversion error)
[2025-05-21 17:25:21] ❌ Failed: Patterns/pacman2_copy_2.thr (HTML conversion error)
[2025-05-21 17:25:21] ❌ Failed: Patterns/tali_fox_drawing.thr (HTML conversion error)
[2025-05-21 17:25:21] ❌ Failed: Patterns/Tyler-Foust-Wave.thr (HTML conversion error)
[2025-05-21 17:25:21] ❌ Failed: Patterns/tank_doodle.thr (HTML conversion error)
[2025-05-21 17:25:21] ❌ Failed: Patterns/icemaiden.thr (HTML conversion error)
[2025-05-21 17:25:21] ❌ Failed: Patterns/RaisedStar.thr (HTML conversion error)
[2025-05-21 17:25:21] ❌ Failed: Patterns/Deathstar2.thr (HTML conversion error)
[2025-05-21 17:25:21] ❌ Failed: Patterns/zelda_eye_of_truth.thr (HTML conversion error)
[2025-05-21 17:25:21] ❌ Failed: Patterns/inwards_sunburst.thr (HTML conversion error)
[2025-05-21 17:25:21] ❌ Failed: Patterns/Lion new.thr (HTML conversion error)
[2025-05-21 17:25:21] ❌ Failed: Patterns/clear_from_in_FINE.thr (HTML conversion error)
[2025-05-21 17:25:21] ❌ Failed: Patterns/death_star.thr (HTML conversion error)
[2025-05-21 17:25:21] ❌ Failed: Patterns/zelda_sword_logo.thr (HTML conversion error)
[2025-05-21 17:25:21] ❌ Failed: Patterns/Dune Weaver.thr (HTML conversion error)
[2025-05-21 17:25:21] ❌ Failed: Patterns/clear_from_in_Ultra.thr (HTML conversion error)
[2025-05-21 17:25:21] ❌ Failed: Patterns/Deathstar.thr (HTML conversion error)
[2025-05-21 17:25:21] ❌ Failed: Patterns/LongwoodWarrenHants.thr (HTML conversion error)
[2025-05-21 17:25:21] ❌ Failed: Patterns/Tyler-Foust-Art.thr (HTML conversion error)
[2025-05-21 17:25:21] ❌ Failed: Patterns/shaggy.thr (HTML conversion error)
[2025-05-21 17:25:21] ❌ Failed: Patterns/link_copy.thr (HTML conversion error)
[2025-05-21 17:25:21] ❌ Failed: Patterns/blue_jay.thr (HTML conversion error)
[2025-05-21 17:25:21] ❌ Failed: Patterns/BinarySupport.thr (HTML conversion error)
[2025-05-21 17:25:21] ❌ Failed: Patterns/donkey_kong.thr (HTML conversion error)
[2025-05-21 17:25:21] ❌ Failed: Patterns/summer.thr (HTML conversion error)
[2025-05-21 17:25:21] ❌ Failed: Patterns/clear_from_out_Ultra.thr (HTML conversion error)
[2025-05-21 17:25:21] ❌ Failed: Patterns/BunchOfValentines.thr (HTML conversion error)
[2025-05-21 17:25:21] ❌ Failed: Patterns/SecretGarden.thr (HTML conversion error)
[2025-05-21 17:25:21] ❌ Failed: Patterns/donkey_kong_2.thr (HTML conversion error)
[2025-05-21 17:25:21] ❌ Failed: Patterns/deer.thr (HTML conversion error)
[2025-05-21 17:25:21] ❌ Failed: Patterns/tali_fox_drawing_full.thr (HTML conversion error)
[2025-05-21 17:25:21] ❌ Failed: Patterns/hydraoctopus.thr (HTML conversion error)
[2025-05-21 17:25:21] ❌ Failed: Patterns/kirby.thr (HTML conversion error)
[2025-05-21 17:25:21] ❌ Failed: Patterns/HeartSunshine.thr (HTML conversion error)
[2025-05-21 17:25:21] ❌ Failed: Patterns/batarang.thr (HTML conversion error)
[2025-05-21 17:48:48] ❌ Failed: BinarySupport.thr (HTML conversion error)
[2025-05-21 17:51:49] ❌ Failed: BinarySupport.thr (thr_to_gif.py error)
[2025-05-21 17:53:22] ❌ Failed: BinarySupport.thr (thr_to_gif.py error)
[2025-05-21 17:57:58] ✅ Processed: BinarySupport.thr (duration: 15s)
[2025-05-21 18:05:08] ✅ Processed: BinarySupport.thr (duration: 15s)
[2025-05-21 18:10:41] ✅ Processed: BinarySupport.thr (duration: 15s)
[2025-05-21 18:13:22] ⏩ Skipped: BinarySupport.thr (already processed)
[2025-05-21 18:15:01] ✅ Processed: BinarySupport.thr (duration: 15s)
[2025-05-21 18:29:44] ❌ Failed: BinarySupport.thr (thr_to_gif.py error)
[2025-05-21 18:32:12] ❌ Failed: BinarySupport.thr (thr_to_gif.py error)
[2025-05-21 18:33:20] ❌ Failed: BinarySupport.thr (thr_to_gif.py error)
[2025-05-21 18:38:13] ❌ Failed: BinarySupport.thr (thr_to_gif.py error)
[2025-05-21 18:38:25] ❌ Failed: BinarySupport.thr (thr_to_gif.py error)
