2025-05-21 22:14:10,329 - INFO - HTML animation saved to /Users/goomini/Documents/GitHub/thr-to-gif/Patterns/batarang/batarang.html
2025-05-21 22:14:10,329 - INFO - Exporting to GIF: /Users/goomini/Documents/GitHub/thr-to-gif/Patterns/batarang/batarang.gif ...
2025-05-21 22:15:06,203 - INFO - GIF export completed: /Users/goomini/Documents/GitHub/thr-to-gif/Patterns/batarang/batarang.gif
2025-05-21 22:15:06,360 - INFO - HTML animation saved to /Users/goomini/Documents/GitHub/thr-to-gif/Patterns/BinarySupport/BinarySupport.html
2025-05-21 22:15:06,360 - INFO - Exporting to GIF: /Users/goomini/Documents/GitHub/thr-to-gif/Patterns/BinarySupport/BinarySupport.gif ...
2025-05-21 22:16:07,704 - INFO - GIF export completed: /Users/goomini/Documents/GitHub/thr-to-gif/Patterns/BinarySupport/BinarySupport.gif
2025-05-21 22:16:07,836 - INFO - HTML animation saved to /Users/goomini/Documents/GitHub/thr-to-gif/Patterns/blue_jay/blue_jay.html
2025-05-21 22:16:07,836 - INFO - Exporting to GIF: /Users/goomini/Documents/GitHub/thr-to-gif/Patterns/blue_jay/blue_jay.gif ...
2025-05-21 22:17:00,772 - INFO - GIF export completed: /Users/goomini/Documents/GitHub/thr-to-gif/Patterns/blue_jay/blue_jay.gif
2025-05-21 22:17:00,867 - INFO - HTML animation saved to /Users/goomini/Documents/GitHub/thr-to-gif/Patterns/boo_mario/boo_mario.html
2025-05-21 22:17:00,867 - INFO - Exporting to GIF: /Users/goomini/Documents/GitHub/thr-to-gif/Patterns/boo_mario/boo_mario.gif ...
2025-05-21 22:17:52,844 - INFO - GIF export completed: /Users/goomini/Documents/GitHub/thr-to-gif/Patterns/boo_mario/boo_mario.gif
2025-05-21 22:17:52,999 - INFO - HTML animation saved to /Users/goomini/Documents/GitHub/thr-to-gif/Patterns/BunchOfValentines/BunchOfValentines.html
2025-05-21 22:17:52,999 - INFO - Exporting to GIF: /Users/goomini/Documents/GitHub/thr-to-gif/Patterns/BunchOfValentines/BunchOfValentines.gif ...
2025-05-21 22:18:53,776 - INFO - GIF export completed: /Users/goomini/Documents/GitHub/thr-to-gif/Patterns/BunchOfValentines/BunchOfValentines.gif
2025-05-21 22:18:53,902 - INFO - HTML animation saved to /Users/goomini/Documents/GitHub/thr-to-gif/Patterns/clear_from_in_FINE/clear_from_in_FINE.html
2025-05-21 22:18:53,902 - INFO - Exporting to GIF: /Users/goomini/Documents/GitHub/thr-to-gif/Patterns/clear_from_in_FINE/clear_from_in_FINE.gif ...
2025-05-21 22:19:48,019 - INFO - GIF export completed: /Users/goomini/Documents/GitHub/thr-to-gif/Patterns/clear_from_in_FINE/clear_from_in_FINE.gif
2025-05-21 22:19:48,196 - INFO - HTML animation saved to /Users/goomini/Documents/GitHub/thr-to-gif/Patterns/clear_from_in_Ultra/clear_from_in_Ultra.html
2025-05-21 22:19:48,197 - INFO - Exporting to GIF: /Users/goomini/Documents/GitHub/thr-to-gif/Patterns/clear_from_in_Ultra/clear_from_in_Ultra.gif ...
2025-05-21 22:20:50,222 - INFO - GIF export completed: /Users/goomini/Documents/GitHub/thr-to-gif/Patterns/clear_from_in_Ultra/clear_from_in_Ultra.gif
2025-05-21 22:20:50,417 - INFO - HTML animation saved to /Users/goomini/Documents/GitHub/thr-to-gif/Patterns/clear_from_out_Ultra/clear_from_out_Ultra.html
2025-05-21 22:20:50,417 - INFO - Exporting to GIF: /Users/goomini/Documents/GitHub/thr-to-gif/Patterns/clear_from_out_Ultra/clear_from_out_Ultra.gif ...
2025-05-21 22:21:53,339 - INFO - GIF export completed: /Users/goomini/Documents/GitHub/thr-to-gif/Patterns/clear_from_out_Ultra/clear_from_out_Ultra.gif
2025-05-21 22:21:53,633 - INFO - HTML animation saved to /Users/goomini/Documents/GitHub/thr-to-gif/Patterns/death_star/death_star.html
2025-05-21 22:21:53,633 - INFO - Exporting to GIF: /Users/goomini/Documents/GitHub/thr-to-gif/Patterns/death_star/death_star.gif ...
2025-05-21 22:26:39,077 - INFO - GIF export completed: /Users/goomini/Documents/GitHub/thr-to-gif/Patterns/death_star/death_star.gif
2025-05-21 22:26:39,181 - INFO - HTML animation saved to /Users/goomini/Documents/GitHub/thr-to-gif/Patterns/deer/deer.html
2025-05-21 22:26:39,181 - INFO - Exporting to GIF: /Users/goomini/Documents/GitHub/thr-to-gif/Patterns/deer/deer.gif ...
2025-05-21 22:27:31,086 - INFO - GIF export completed: /Users/goomini/Documents/GitHub/thr-to-gif/Patterns/deer/deer.gif
2025-05-21 22:27:31,189 - INFO - HTML animation saved to /Users/goomini/Documents/GitHub/thr-to-gif/Patterns/donkey_kong_2/donkey_kong_2.html
2025-05-21 22:27:31,189 - INFO - Exporting to GIF: /Users/goomini/Documents/GitHub/thr-to-gif/Patterns/donkey_kong_2/donkey_kong_2.gif ...
2025-05-21 22:28:23,199 - INFO - GIF export completed: /Users/goomini/Documents/GitHub/thr-to-gif/Patterns/donkey_kong_2/donkey_kong_2.gif
2025-05-21 22:28:23,339 - INFO - HTML animation saved to /Users/goomini/Documents/GitHub/thr-to-gif/Patterns/donkey_kong/donkey_kong.html
2025-05-21 22:28:23,339 - INFO - Exporting to GIF: /Users/goomini/Documents/GitHub/thr-to-gif/Patterns/donkey_kong/donkey_kong.gif ...
2025-05-21 22:29:15,959 - INFO - GIF export completed: /Users/goomini/Documents/GitHub/thr-to-gif/Patterns/donkey_kong/donkey_kong.gif
2025-05-21 22:29:16,111 - INFO - HTML animation saved to /Users/goomini/Documents/GitHub/thr-to-gif/Patterns/HeartSunshine/HeartSunshine.html
2025-05-21 22:29:16,111 - INFO - Exporting to GIF: /Users/goomini/Documents/GitHub/thr-to-gif/Patterns/HeartSunshine/HeartSunshine.gif ...
2025-05-21 22:30:10,404 - INFO - GIF export completed: /Users/goomini/Documents/GitHub/thr-to-gif/Patterns/HeartSunshine/HeartSunshine.gif
2025-05-21 22:30:10,524 - INFO - HTML animation saved to /Users/goomini/Documents/GitHub/thr-to-gif/Patterns/hydraoctopus/hydraoctopus.html
2025-05-21 22:30:10,524 - INFO - Exporting to GIF: /Users/goomini/Documents/GitHub/thr-to-gif/Patterns/hydraoctopus/hydraoctopus.gif ...
2025-05-21 22:31:02,558 - INFO - GIF export completed: /Users/goomini/Documents/GitHub/thr-to-gif/Patterns/hydraoctopus/hydraoctopus.gif
2025-05-21 22:31:02,672 - INFO - HTML animation saved to /Users/goomini/Documents/GitHub/thr-to-gif/Patterns/ice_maiden2/ice_maiden2.html
2025-05-21 22:31:02,672 - INFO - Exporting to GIF: /Users/goomini/Documents/GitHub/thr-to-gif/Patterns/ice_maiden2/ice_maiden2.gif ...
2025-05-21 22:31:55,584 - INFO - GIF export completed: /Users/goomini/Documents/GitHub/thr-to-gif/Patterns/ice_maiden2/ice_maiden2.gif
2025-05-21 22:31:55,697 - INFO - HTML animation saved to /Users/goomini/Documents/GitHub/thr-to-gif/Patterns/icemaiden/icemaiden.html
2025-05-21 22:31:55,697 - INFO - Exporting to GIF: /Users/goomini/Documents/GitHub/thr-to-gif/Patterns/icemaiden/icemaiden.gif ...
2025-05-21 22:32:48,706 - INFO - GIF export completed: /Users/goomini/Documents/GitHub/thr-to-gif/Patterns/icemaiden/icemaiden.gif
2025-05-21 22:32:48,808 - WARNING - Line 1 in /Users/goomini/Documents/GitHub/thr-to-gif/Patterns/inwards_sunburst.thr has invalid format: // numberOfWaves= 7
2025-05-21 22:32:48,808 - WARNING - Line 2 in /Users/goomini/Documents/GitHub/thr-to-gif/Patterns/inwards_sunburst.thr has invalid format: // numberOfBurstsBase= 10
2025-05-21 22:32:48,808 - WARNING - Line 3 in /Users/goomini/Documents/GitHub/thr-to-gif/Patterns/inwards_sunburst.thr has invalid format: // numberOfBurstsMin= 4
2025-05-21 22:32:48,808 - WARNING - Line 4 in /Users/goomini/Documents/GitHub/thr-to-gif/Patterns/inwards_sunburst.thr has invalid format: // numberOfRaysBase= 20
2025-05-21 22:32:48,808 - WARNING - Line 5 in /Users/goomini/Documents/GitHub/thr-to-gif/Patterns/inwards_sunburst.thr has invalid format: // numberOfRaysMin= 4
2025-05-21 22:32:48,808 - WARNING - Line 6 in /Users/goomini/Documents/GitHub/thr-to-gif/Patterns/inwards_sunburst.thr has invalid format: // rhoVariance= 0.1
2025-05-21 22:32:48,808 - WARNING - Line 7 in /Users/goomini/Documents/GitHub/thr-to-gif/Patterns/inwards_sunburst.thr has invalid format: // thetaVariance= 0.20943951023931953
2025-05-21 22:32:48,817 - INFO - HTML animation saved to /Users/goomini/Documents/GitHub/thr-to-gif/Patterns/inwards_sunburst/inwards_sunburst.html
2025-05-21 22:32:48,818 - INFO - Exporting to GIF: /Users/goomini/Documents/GitHub/thr-to-gif/Patterns/inwards_sunburst/inwards_sunburst.gif ...
2025-05-21 22:33:55,285 - INFO - GIF export completed: /Users/goomini/Documents/GitHub/thr-to-gif/Patterns/inwards_sunburst/inwards_sunburst.gif
2025-05-21 22:33:55,439 - INFO - HTML animation saved to /Users/goomini/Documents/GitHub/thr-to-gif/Patterns/kirby/kirby.html
2025-05-21 22:33:55,439 - INFO - Exporting to GIF: /Users/goomini/Documents/GitHub/thr-to-gif/Patterns/kirby/kirby.gif ...
2025-05-21 22:34:48,415 - INFO - GIF export completed: /Users/goomini/Documents/GitHub/thr-to-gif/Patterns/kirby/kirby.gif
2025-05-21 22:34:48,589 - INFO - HTML animation saved to /Users/goomini/Documents/GitHub/thr-to-gif/Patterns/link_copy/link_copy.html
2025-05-21 22:34:48,589 - INFO - Exporting to GIF: /Users/goomini/Documents/GitHub/thr-to-gif/Patterns/link_copy/link_copy.gif ...
2025-05-21 22:35:42,964 - INFO - GIF export completed: /Users/goomini/Documents/GitHub/thr-to-gif/Patterns/link_copy/link_copy.gif
2025-05-21 22:35:43,077 - INFO - HTML animation saved to /Users/goomini/Documents/GitHub/thr-to-gif/Patterns/Lion new/Lion new.html
2025-05-21 22:35:43,077 - INFO - Exporting to GIF: /Users/goomini/Documents/GitHub/thr-to-gif/Patterns/Lion new/Lion new.gif ...
2025-05-21 22:36:35,795 - INFO - GIF export completed: /Users/goomini/Documents/GitHub/thr-to-gif/Patterns/Lion new/Lion new.gif
2025-05-21 22:36:35,945 - INFO - HTML animation saved to /Users/goomini/Documents/GitHub/thr-to-gif/Patterns/LongwoodWarrenHants/LongwoodWarrenHants.html
2025-05-21 22:36:35,945 - INFO - Exporting to GIF: /Users/goomini/Documents/GitHub/thr-to-gif/Patterns/LongwoodWarrenHants/LongwoodWarrenHants.gif ...
2025-05-21 22:37:36,587 - INFO - GIF export completed: /Users/goomini/Documents/GitHub/thr-to-gif/Patterns/LongwoodWarrenHants/LongwoodWarrenHants.gif
2025-05-21 22:37:36,706 - INFO - HTML animation saved to /Users/goomini/Documents/GitHub/thr-to-gif/Patterns/mario/mario.html
2025-05-21 22:37:36,707 - INFO - Exporting to GIF: /Users/goomini/Documents/GitHub/thr-to-gif/Patterns/mario/mario.gif ...
2025-05-21 22:38:29,197 - INFO - GIF export completed: /Users/goomini/Documents/GitHub/thr-to-gif/Patterns/mario/mario.gif
2025-05-21 22:38:29,294 - INFO - HTML animation saved to /Users/goomini/Documents/GitHub/thr-to-gif/Patterns/mario2/mario2.html
2025-05-21 22:38:29,294 - INFO - Exporting to GIF: /Users/goomini/Documents/GitHub/thr-to-gif/Patterns/mario2/mario2.gif ...
2025-05-21 22:39:21,487 - INFO - GIF export completed: /Users/goomini/Documents/GitHub/thr-to-gif/Patterns/mario2/mario2.gif
2025-05-21 22:39:21,574 - INFO - HTML animation saved to /Users/goomini/Documents/GitHub/thr-to-gif/Patterns/octopus/octopus.html
2025-05-21 22:39:21,574 - INFO - Exporting to GIF: /Users/goomini/Documents/GitHub/thr-to-gif/Patterns/octopus/octopus.gif ...
2025-05-21 22:40:14,339 - INFO - GIF export completed: /Users/goomini/Documents/GitHub/thr-to-gif/Patterns/octopus/octopus.gif
2025-05-21 22:40:14,427 - INFO - HTML animation saved to /Users/goomini/Documents/GitHub/thr-to-gif/Patterns/pacman/pacman.html
2025-05-21 22:40:14,427 - INFO - Exporting to GIF: /Users/goomini/Documents/GitHub/thr-to-gif/Patterns/pacman/pacman.gif ...
2025-05-21 22:41:06,982 - INFO - GIF export completed: /Users/goomini/Documents/GitHub/thr-to-gif/Patterns/pacman/pacman.gif
2025-05-21 22:41:07,067 - INFO - HTML animation saved to /Users/goomini/Documents/GitHub/thr-to-gif/Patterns/pacman2_copy_2/pacman2_copy_2.html
2025-05-21 22:41:07,067 - INFO - Exporting to GIF: /Users/goomini/Documents/GitHub/thr-to-gif/Patterns/pacman2_copy_2/pacman2_copy_2.gif ...
2025-05-21 22:41:59,731 - INFO - GIF export completed: /Users/goomini/Documents/GitHub/thr-to-gif/Patterns/pacman2_copy_2/pacman2_copy_2.gif
2025-05-21 22:41:59,846 - INFO - HTML animation saved to /Users/goomini/Documents/GitHub/thr-to-gif/Patterns/RaisedStar/RaisedStar.html
2025-05-21 22:41:59,846 - INFO - Exporting to GIF: /Users/goomini/Documents/GitHub/thr-to-gif/Patterns/RaisedStar/RaisedStar.gif ...
2025-05-21 22:42:52,128 - INFO - GIF export completed: /Users/goomini/Documents/GitHub/thr-to-gif/Patterns/RaisedStar/RaisedStar.gif
2025-05-21 22:42:52,282 - INFO - HTML animation saved to /Users/goomini/Documents/GitHub/thr-to-gif/Patterns/SecretGarden/SecretGarden.html
2025-05-21 22:42:52,282 - INFO - Exporting to GIF: /Users/goomini/Documents/GitHub/thr-to-gif/Patterns/SecretGarden/SecretGarden.gif ...
2025-05-21 22:43:53,174 - INFO - GIF export completed: /Users/goomini/Documents/GitHub/thr-to-gif/Patterns/SecretGarden/SecretGarden.gif
2025-05-21 22:43:53,258 - INFO - HTML animation saved to /Users/goomini/Documents/GitHub/thr-to-gif/Patterns/shaggy/shaggy.html
2025-05-21 22:43:53,258 - INFO - Exporting to GIF: /Users/goomini/Documents/GitHub/thr-to-gif/Patterns/shaggy/shaggy.gif ...
2025-05-21 22:44:45,848 - INFO - GIF export completed: /Users/goomini/Documents/GitHub/thr-to-gif/Patterns/shaggy/shaggy.gif
2025-05-21 22:44:46,017 - INFO - HTML animation saved to /Users/goomini/Documents/GitHub/thr-to-gif/Patterns/summer/summer.html
2025-05-21 22:44:46,017 - INFO - Exporting to GIF: /Users/goomini/Documents/GitHub/thr-to-gif/Patterns/summer/summer.gif ...
2025-05-21 22:45:48,588 - INFO - GIF export completed: /Users/goomini/Documents/GitHub/thr-to-gif/Patterns/summer/summer.gif
2025-05-21 22:45:48,695 - INFO - HTML animation saved to /Users/goomini/Documents/GitHub/thr-to-gif/Patterns/tank_doodle/tank_doodle.html
2025-05-21 22:45:48,695 - INFO - Exporting to GIF: /Users/goomini/Documents/GitHub/thr-to-gif/Patterns/tank_doodle/tank_doodle.gif ...
2025-05-21 22:46:40,876 - INFO - GIF export completed: /Users/goomini/Documents/GitHub/thr-to-gif/Patterns/tank_doodle/tank_doodle.gif
2025-05-21 22:46:40,964 - INFO - HTML animation saved to /Users/goomini/Documents/GitHub/thr-to-gif/Patterns/Tyler-Foust-Art/Tyler-Foust-Art.html
2025-05-21 22:46:40,965 - INFO - Exporting to GIF: /Users/goomini/Documents/GitHub/thr-to-gif/Patterns/Tyler-Foust-Art/Tyler-Foust-Art.gif ...
2025-05-21 22:47:41,143 - INFO - GIF export completed: /Users/goomini/Documents/GitHub/thr-to-gif/Patterns/Tyler-Foust-Art/Tyler-Foust-Art.gif
2025-05-21 22:47:41,298 - INFO - HTML animation saved to /Users/goomini/Documents/GitHub/thr-to-gif/Patterns/Tyler-Foust-Wave/Tyler-Foust-Wave.html
2025-05-21 22:47:41,298 - INFO - Exporting to GIF: /Users/goomini/Documents/GitHub/thr-to-gif/Patterns/Tyler-Foust-Wave/Tyler-Foust-Wave.gif ...
2025-05-21 22:48:36,016 - INFO - GIF export completed: /Users/goomini/Documents/GitHub/thr-to-gif/Patterns/Tyler-Foust-Wave/Tyler-Foust-Wave.gif
2025-05-21 22:48:36,119 - INFO - HTML animation saved to /Users/goomini/Documents/GitHub/thr-to-gif/Patterns/zelda_eye_of_truth/zelda_eye_of_truth.html
2025-05-21 22:48:36,120 - INFO - Exporting to GIF: /Users/goomini/Documents/GitHub/thr-to-gif/Patterns/zelda_eye_of_truth/zelda_eye_of_truth.gif ...
2025-05-21 22:49:28,581 - INFO - GIF export completed: /Users/goomini/Documents/GitHub/thr-to-gif/Patterns/zelda_eye_of_truth/zelda_eye_of_truth.gif
2025-05-21 22:49:28,671 - INFO - HTML animation saved to /Users/goomini/Documents/GitHub/thr-to-gif/Patterns/zelda_sword_logo/zelda_sword_logo.html
2025-05-21 22:49:28,671 - INFO - Exporting to GIF: /Users/goomini/Documents/GitHub/thr-to-gif/Patterns/zelda_sword_logo/zelda_sword_logo.gif ...
2025-05-21 22:50:21,184 - INFO - GIF export completed: /Users/goomini/Documents/GitHub/thr-to-gif/Patterns/zelda_sword_logo/zelda_sword_logo.gif
